{
  "RSpec": {
    "coverage": {
      "/Users/yaron/Desktop/box_day/app/helpers/application_helper.rb": [
        1,
        null
      ],
      "/Users/yaron/Desktop/box_day/app/helpers/twitter_helper.rb": [
        1,
        null,
        1,
        0,
        null,
        0,
        0,
        null,
        null,
        null,
        null,
        null,
        null,
        null,
        1,
        null,
        null,
        0,
        0,
        null,
        null,
        null,
        null,
        null,
        null
      ],
      "/Users/yaron/Desktop/box_day/app/models/event.rb": [
        1,
        null,
        1,
        1,
        null,
        1,
        null
      ],
      "/Users/yaron/Desktop/box_day/app/models/prize.rb": [
        1,
        null,
        1,
        1,
        null,
        1,
        1,
        null
      ],
      "/Users/yaron/Desktop/box_day/app/models/tweet.rb": [
        1,
        null,
        1,
        1,
        1,
        null,
        1,
        null
      ],
      "/Users/yaron/Desktop/box_day/app/models/user.rb": [
        1,
        null,
        1,
        1,
        1,
        1,
        1,
        null,
        1,
        0,
        0,
        0,
        null,
        0,
        null,
        null,
        1,
        0,
        null,
        null,
        null,
        null,
        null,
        1,
        0,
        0,
        null,
        null,
        null,
        null,
        null,
        null,
        0,
        null,
        null,
        null,
        1,
        0,
        0,
        null,
        null,
        null,
        null,
        null,
        null,
        null,
        null,
        null,
        null,
        null,
        null,
        null,
        1,
        0,
        0,
        0,
        0,
        0,
        null,
        null,
        null,
        null,
        0,
        0,
        0,
        0,
        null,
        null,
        null,
        null,
        null
      ],
      "/Users/yaron/Desktop/box_day/app/models/winner.rb": [
        1,
        null,
        1,
        1,
        null,
        1,
        1,
        null
      ]
    },
    "timestamp": 1395710299
  }
}
